0 info it worked if it ends with ok
1 verbose cli [ '/home/jedireza/.nvm/versions/node/v6.4.0/bin/node',
1 verbose cli   '/home/jedireza/.nvm/versions/node/v6.4.0/bin/npm',
1 verbose cli   'start' ]
2 info using npm@3.10.3
3 info using node@v6.4.0
4 verbose run-script [ 'prestart', 'start', 'poststart' ]
5 info lifecycle aqua-landing-page@0.0.0~prestart: aqua-landing-page@0.0.0
6 silly lifecycle aqua-landing-page@0.0.0~prestart: no script for prestart, continuing
7 info lifecycle aqua-landing-page@0.0.0~start: aqua-landing-page@0.0.0
8 verbose lifecycle aqua-landing-page@0.0.0~start: unsafe-perm in lifecycle true
9 verbose lifecycle aqua-landing-page@0.0.0~start: PATH: /home/jedireza/.nvm/versions/node/v6.4.0/lib/node_modules/npm/bin/node-gyp-bin:/home/jedireza/projects/aqua-landing-page/node_modules/.bin:/home/jedireza/.nvm/versions/node/v6.4.0/bin:/home/jedireza/.nvm/versions/node/v6.4.0/bin:/home/jedireza/.gem/ruby/2.3.0/bin:/home/jedireza/.cargo/bin:/home/jedireza/bin:/home/jedireza/bin:/usr/local/bin:/usr/local/sbin:/usr/local/bin:/usr/bin:/usr/lib/jvm/default/bin:/usr/bin/site_perl:/usr/bin/vendor_perl:/usr/bin/core_perl
10 verbose lifecycle aqua-landing-page@0.0.0~start: CWD: /home/jedireza/projects/aqua-landing-page
11 silly lifecycle aqua-landing-page@0.0.0~start: Args: [ '-c', 'http-server . & gulp' ]
12 silly lifecycle aqua-landing-page@0.0.0~start: Returned: code: 1  signal: null
13 info lifecycle aqua-landing-page@0.0.0~start: Failed to exec start script
14 verbose stack Error: aqua-landing-page@0.0.0 start: `http-server . & gulp`
14 verbose stack Exit status 1
14 verbose stack     at EventEmitter.<anonymous> (/home/jedireza/.nvm/versions/node/v6.4.0/lib/node_modules/npm/lib/utils/lifecycle.js:242:16)
14 verbose stack     at emitTwo (events.js:106:13)
14 verbose stack     at EventEmitter.emit (events.js:191:7)
14 verbose stack     at ChildProcess.<anonymous> (/home/jedireza/.nvm/versions/node/v6.4.0/lib/node_modules/npm/lib/utils/spawn.js:40:14)
14 verbose stack     at emitTwo (events.js:106:13)
14 verbose stack     at ChildProcess.emit (events.js:191:7)
14 verbose stack     at maybeClose (internal/child_process.js:852:16)
14 verbose stack     at Process.ChildProcess._handle.onexit (internal/child_process.js:215:5)
15 verbose pkgid aqua-landing-page@0.0.0
16 verbose cwd /home/jedireza/projects/aqua-landing-page
17 error Linux 4.7.2-1-ARCH
18 error argv "/home/jedireza/.nvm/versions/node/v6.4.0/bin/node" "/home/jedireza/.nvm/versions/node/v6.4.0/bin/npm" "start"
19 error node v6.4.0
20 error npm  v3.10.3
21 error code ELIFECYCLE
22 error aqua-landing-page@0.0.0 start: `http-server . & gulp`
22 error Exit status 1
23 error Failed at the aqua-landing-page@0.0.0 start script 'http-server . & gulp'.
23 error Make sure you have the latest version of node.js and npm installed.
23 error If you do, this is most likely a problem with the aqua-landing-page package,
23 error not with npm itself.
23 error Tell the author that this fails on your system:
23 error     http-server . & gulp
23 error You can get information on how to open an issue for this project with:
23 error     npm bugs aqua-landing-page
23 error Or if that isn't available, you can get their info via:
23 error     npm owner ls aqua-landing-page
23 error There is likely additional logging output above.
24 verbose exit [ 1, true ]
